         w __deregister_frame_info
         w __register_frame_info
         w userAppExit
         w userAppInit
00000000 b _TLS_MODULE_BASE_
00000000 00000802 B __ctru_dev_utf16_buf
00000000 A __sync_synchronize
00000000 a shift
00000000 a shift
00000804 00000401 B __ctru_dev_path_buf
00100000 A __start__
00100000 T _start
00100008 T __service_ptr
0010000c T __apt_appid
00100010 T __heap_size
00100014 T __linear_heap_size
00100018 T __system_arglist
0010001c T __system_runflags
00100020 t startup
00100058 t ClearMem
0010006c t ClrLoop
00100094 T _init
001000ac T __aeabi_idiv
001000ac 00000220 T __divsi3
001000b4 t .divsi3_skip_div0_test
001002cc 00000020 T __aeabi_idivmod
001002ec 00000004 W __aeabi_idiv0
001002ec 00000004 W __aeabi_ldiv0
001002f0 T __aeabi_ldivmod
001003c4 T __aeabi_uldivmod
00100408 00000390 T strcmp
00100790 t .udivsi3_skip_div0_test
00100790 T __aeabi_uidiv
00100790 000001ec T __udivsi3
0010097c 00000020 T __aeabi_uidivmod
0010099c t __do_global_dtors_aux
001009ec t frame_dummy
00100a18 00000090 T clearAndPrintHeader
00100aa8 0000008c T handleColorChange
00100b34 00000084 T handleLanguageChange
00100bb8 00000098 T buttonPressed
00100c50 000000f4 T printRandomCommands
00100d44 000000cc T main
00100e10 00000018 T consoleSelect
00100e28 000001c8 T consoleDrawChar
00100ff0 00000170 T consolePrintChar
00101160 00000c40 T con_write
00101da0 00000110 t newRow
00101eb0 00000180 T consoleInit
00102030 000000cc t gfxPresentFramebuffer
001020fc 0000001c T gfxIsWide
00102118 000000f8 T gfxSetScreenFormat
00102210 00000010 T gfxSetDoubleBuffering
00102220 000000d8 T gfxInit
001022f8 00000010 T gfxInitDefault
00102308 000000b8 T gfxExit
001023c0 000000a0 T gfxGetFramebuffer
00102460 00000100 T gfxFlushBuffers
00102560 00000050 T gfxSwapBuffersGpu
001025b0 00000180 t aptConvertScreenForCapture
00102730 00000008 W aptDspSleep
00102738 00000004 W aptDspWakeup
0010273c 00000004 W aptDspCancel
00102740 00000138 T aptSendCommand
00102878 00000044 t aptExitProcess
001028bc 00000394 T aptExit
00102c50 000000d8 T aptHandleSleep
00102d28 00000084 T APT_SleepIfShellClosed
00102dac 00000078 T aptSetSleepAllowed
00102e24 00000084 T APT_UnlockTransition
00102ea8 00000470 t aptEventHandler
00103318 000000bc T APT_ReceiveParameter
001033d4 000000b0 t aptReceiveParameter.constprop.0
00103488 00000294 t aptScreenTransfer
0010371c 000002d0 t aptWaitForWakeUp.isra.0
001039ec 000000f4 T aptJumpToHomeMenu
00103ae0 00000058 T aptMainLoop
00103b38 00000240 T aptInit
00103d78 00000090 T APT_CheckNew3DS
00103e08 00000c70 t gspHardwareInit
00104a78 00000280 T gspInit
00104cf8 00000110 T gspExit
00104e08 00000010 T gspHasGpuRight
00104e18 000000a4 T gspPresentBuffer
00104ebc 00000050 T gspWaitForEvent
00104f0c 00000004 W gxCmdQueueInterrupt
00104f10 00000154 t gspEventThreadMain
00105064 00000050 T GSPGPU_FlushDataCache
001050b4 00000034 T GSPGPU_SetLcdForceBlack
001050e8 00000080 T GSPGPU_AcquireRight
00105168 0000005c T GSPGPU_ReleaseRight
001051c4 0000007c T GSPGPU_ImportDisplayCaptureInfo
00105240 0000002c T GSPGPU_SaveVramSysArea
0010526c 0000002c T GSPGPU_RestoreVramSysArea
00105298 00000024 W hidShouldUseIrrst
001052bc 000001cc T hidInit
00105488 000000e8 T hidExit
00105570 000002a0 T hidScanInput
00105810 00000010 T hidKeysHeld
00105820 00000010 T hidKeysDown
00105830 000001a4 T irrstInit
001059d4 000000dc T irrstExit
00105ab0 000000b4 T irrstScanInput
00105b64 00000024 T irrstKeysHeld
00105b88 00000038 W __libctru_init
00105bc0 0000016c W __system_initArgv
00105d2c 00000030 T __syscall_getreent
00105d5c 00000064 T __syscall_gettod_r
00105dc0 00000004 T __syscall_lock_acquire
00105dc4 00000004 T __syscall_lock_release
00105dc8 00000004 T __syscall_lock_acquire_recursive
00105dcc 00000004 T __syscall_lock_release_recursive
00105dd0 00000004 T __syscall_exit
00105dd4 00000054 T initThreadVars
00105e28 00000080 T __system_initSyscalls
00105ea8 T svcControlMemory
00105ec8 T svcQueryMemory
00105ef8 T svcExitProcess
00105f00 T svcCreateThread
00105f20 T svcExitThread
00105f28 T svcSleepThread
00105f30 T svcReleaseMutex
00105f38 T svcCreateEvent
00105f4c T svcSignalEvent
00105f54 T svcClearEvent
00105f5c T svcMapMemoryBlock
00105f64 T svcUnmapMemoryBlock
00105f6c T svcCreateAddressArbiter
00105f80 T svcArbitrateAddressNoTimeout
00105f88 T svcCloseHandle
00105f90 T svcWaitSynchronization
00105f98 T svcWaitSynchronizationN
00105fc0 T svcDuplicateHandle
00105fd4 T svcGetSystemTick
00105fdc T svcConnectToPort
00105ff0 T svcSendSyncRequest
00105ff8 T svcGetResourceLimit
0010600c T svcGetResourceLimitLimitValues
00106014 T svcGetResourceLimitCurrentValues
0010601c T svcBreak
00106024 W initSystem
00106074 W __ctru_exit
00106088 00000024 t addrMapNodeComparator(rbtree_node const*, rbtree_node const*)
001060ac 00000004 t addrMapNodeDestructor(rbtree_node*)
001060b0 0000012c T linearMemAlign
001061dc 00000008 T linearAlloc
001061e4 0000005c T linearFree
00106240 00000088 T MemPool::CoalesceRight(MemBlock*)
001062c8 00000178 T MemPool::Allocate(MemChunk&, unsigned long, int)
00106440 00000118 T MemPool::Deallocate(MemChunk const&)
00106558 00000030 T MemPool::GetFreeSpace()
00106588 00000024 t addrMapNodeComparator(rbtree_node const*, rbtree_node const*)
001065ac 00000004 t addrMapNodeDestructor(rbtree_node*)
001065b0 00000248 T vramMemAlignAt
001067f8 0000000c T vramAlloc
00106804 00000094 T vramFree
00106898 0000008c W envGetHandle
00106924 00000050 W envDestroyHandles
00106974 00000054 T osGetTimeRef
001069c8 000000ec T osGetTime
00106ab4 00000034 T __ctru_speedup_config
00106ae8 00000164 T srvInit
00106c4c 00000064 T srvExit
00106cb0 00000060 T srvEnableNotification
00106d10 000000a0 T srvGetServiceHandleDirect
00106db0 00000048 T srvGetServiceHandle
00106df8 00000034 T srvSubscribe
00106e2c 00000060 T srvReceiveNotification
00106e8c 00000038 T srvPublishToSubscriber
00106ec4 0000000c T __sync_init
00106ed0 00000018 T __sync_fini
00106ee8 00000028 T syncArbitrateAddress
00106f10 000000ac T LightLock_Lock
00106fbc 00000040 T LightLock_Unlock
00106ffc 00000054 T RecursiveLock_Lock
00107050 00000054 T RecursiveLock_Unlock
001070a4 00000044 T LightEvent_Init
001070e8 000000b8 T LightEvent_Clear
001071a0 000000dc T LightEvent_Signal
0010727c 00000050 T LightEvent_TryWait
001072cc 000000ac T LightEvent_Wait
00107378 000001fc T threadCreate
00107574 00000038 T threadFree
001075ac 00000024 T threadJoin
001075d0 00000030 T threadGetCurrent
00107600 00000040 T threadExit
00107640 00000020 t _thread_begin
00107660 00000090 t mappableFindAddressWithin
001076f0 00000028 T mappableInit
00107718 0000007c T mappableAlloc
00107794 00000004 T mappableFree
00107798 00000078 T ptmSysmInit
00107810 0000003c T ptmSysmExit
0010784c 00000034 T PTMSYSM_ConfigureNew3DSCPU
00107880 0000000c T srvPmGetSessionHandle
0010788c 00000074 T rbtree_find
00107900 00000010 T rbtree_init
00107910 00000198 t do_insert
00107aa8 00000008 T rbtree_insert
00107ab0 00000310 T rbtree_remove
00107dc0 00000090 T rbtree_rotate
00107e50 000001e8 W __system_allocateHeaps
00108038 00000030 W __appExit
00108068 00000030 W __appInit
00108098 00000090 W __libctru_exit
00108128 00000014 t archive_link
0010813c 00000014 t archive_dirreset
00108150 00000014 t archive_chmod
00108164 00000024 t error_cmp
00108188 00000050 t archive_translate_error
001081d8 000000c0 t archive_seek
00108298 00000078 t _archiveInit.part.0
00108310 000000d4 t archiveFindDevice.part.0
001083e4 00000298 t archive_utf16path
0010867c 00000098 t _archiveUnmountDeviceStruct.part.0
00108714 00000014 t archive_statvfs
00108728 00000014 t archive_fchmod
0010873c 00000178 t _archiveMountDevice
001088b4 000000f8 t archive_diropen
001089ac 000000ac t archive_fstat
00108a58 00000074 t archive_fsync
00108acc 00000074 t archive_close
00108b40 00000078 t archive_dirclose
00108bb8 000000ec t sdmc_statvfs
00108ca4 000000f8 t archive_chdir
00108d9c 0000008c t archive_ftruncate
00108e28 000000bc t archive_read
00108ee4 000000a8 t archive_unlink
00108f8c 000000c0 t archive_rmdir
0010904c 000000d8 t archive_mkdir
00109124 000001a0 t archive_stat
001092c4 00000164 t archive_dirnext
00109428 0000013c t archive_write
00109568 00000254 t archive_open
001097bc 00000270 t archive_rename
00109a2c 000001c8 T archiveMountSdmc
00109bf4 00000054 T archiveUnmountAll
00109c48 00000104 T fsInit
00109d4c 0000003c T fsExit
00109d88 00000068 T fsExemptFromSession
00109df0 00000050 T fsUnexemptFromSession
00109e40 000000cc T FSUSER_OpenFile
00109f0c 000000b8 T FSUSER_DeleteFile
00109fc4 000000f4 T FSUSER_RenameFile
0010a0b8 000000b8 T FSUSER_DeleteDirectory
0010a170 000000d0 T FSUSER_CreateFile
0010a240 000000c0 T FSUSER_CreateDirectory
0010a300 000000f4 T FSUSER_RenameDirectory
0010a3f4 000000b4 T FSUSER_OpenDirectory
0010a4a8 00000090 T FSUSER_OpenArchive
0010a538 0000008c T FSUSER_CloseArchive
0010a5c4 00000074 T FSUSER_GetSdmcArchiveResource
0010a638 00000064 T FSUSER_IsSdmcWritable
0010a69c 00000064 T FSFILE_Read
0010a700 0000006c T FSFILE_Write
0010a76c 00000044 T FSFILE_GetSize
0010a7b0 00000028 T FSFILE_SetSize
0010a7d8 0000003c T FSFILE_Close
0010a814 00000024 T FSFILE_Flush
0010a838 00000060 T FSDIR_Read
0010a898 0000003c T FSDIR_Close
0010a8d4 00000060 T rbtree_node_next
0010a934 00000140 T decode_utf8
0010aa74 000000e8 T utf16_to_utf8
0010ab5c 000000c0 T utf8_to_utf16
0010ac1c T __aeabi_read_tp
0010ac28 00000054 T decode_utf16
0010ac7c 00000054 T encode_utf16
0010acd0 000000e0 T encode_utf8
0010adb0 00000130 T __udivmoddi4
0010aee0 000000d8 T strncmp
0010afb8 0000001c T srand
0010afd4 00000044 T rand
0010b018 0000008c T strlen
0010b0a4 0000001c t stdio_exit_handler
0010b0c0 0000005c t cleanup_stdio
0010b11c 00000154 t global_stdio_init.part.0
0010b270 0000005c T __sinit
0010b2cc 0000000c T __sfp_lock_acquire
0010b2d8 0000000c T __sfp_lock_release
0010b2e4 000001ec t _strtoul_l.isra.0
0010b4d0 0000003c T strtoul
0010b50c 00000084 T __libc_init_array
0010b590 0000009c T strncat
0010b62c 00000070 T _fwalk_sglue
0010b69c 00000078 T bsearch
0010b714 0000000c T __errno
0010b720 00000028 T memalign
0010b748 0000082c T _malloc_r
0010bf74 00000114 T _malloc_trim_r
0010c088 00000314 T _free_r
0010c39c 00000034 T printf
0010c3d0 0000003c T strnlen
0010c40c 00000040 T malloc
0010c44c 00000020 T free
0010c46c 0000022c T __sflush_r
0010c698 000000c4 T _fflush_r
0010c75c 00000048 T time
0010c7a4 000000e4 T memset
0010c888 0000000c T __malloc_lock
0010c894 0000000c T __malloc_unlock
0010c8a0 00000004 W __call_exitprocs
0010c8a4 00000030 T exit
0010c8d4 00000294 T setvbuf
0010cb68 000000d4 T strncpy
0010cc3c 0000012c T memcpy
0010cd68 00000044 T __sread
0010cdac 00000068 T __swrite
0010ce14 00000040 T __sseek
0010ce54 00000008 T __sclose
0010ce5c 00000144 T _fclose_r
0010cfa0 0000016c T _memalign_r
0010d10c 000005e0 t get_arg
0010d6f0 00003554 T _vfprintf_r
00110c44 000000b4 t __sbprintf
00110cf8 000000e8 T memchr
00110de0 000001c0 t quorem
00110fa0 000013f0 T _dtoa_r
00112390 000000a0 T _wcrtomb_r
00112430 0000003c T __libc_fini_array
0011246c 00000164 T __smakebuf_r
001125d0 00000090 T __swhatbuf_r
00112660 00000028 T _wcsrtombs_r
00112688 00000140 T __swsetup_r
001127c8 00000088 T frexp
00112850 0000005c T __assert_func
001128ac 00000088 T _Balloc
00112934 0000001c T _Bfree
00112950 000000f4 T __multadd
00112a44 00000080 T __hi0bits
00112ac4 000000f0 T __lo0bits
00112bb4 000000a4 T __i2b
00112c58 00000230 T __multiply
00112e88 00000130 T __pow5mult
00112fb8 00000138 T __lshift
001130f0 00000058 T __mcmp
00113148 00000218 T __mdiff
00113360 00000120 T __d2b
00113480 00000024 T __locale_mb_cur_max
001134a4 0000003c T fiprintf
001134e0 0000015c T _wcsnrtombs_l
0011363c 00000064 T _wcsnrtombs_r
001136a0 00000340 T __utf8_mbtowc
001139e0 00000030 T __sprint_r
00113a10 00000014 T abort
00113a24 00000024 T _localeconv_r
00113a48 000000d8 T _calloc_r
00113b20 000000f8 T __utf8_wctomb
00113c18 000004a4 T __sfvwrite_r
001140bc 00000140 T strchr
001141fc 0000016c T memmove
00114368 0000009c T _raise_r
00114404 00000020 T raise
00114424 000005e0 t get_arg
00114a04 000022f8 T _vfiprintf_r
00116cfc 000000b4 t __sbprintf
00116db0 000004f0 T _realloc_r
001172a0 00000020 T _exit
001172c0 00000140 T chdir
00117400 000001c8 T _concatenate_path
001175c8 0000009c T _fstat_r
00117664 00000014 T _getpid_r
00117678 0000002c T __getreent
001176a4 00000030 T _gettimeofday_r
001176d4 00000058 T __get_handle
0011772c 00000110 T _close_r
0011783c 00000008 t null_write
00117844 00000018 T setDefaultDevice
0011785c 000000c4 T FindDevice
00117920 00000028 T RemoveDevice
00117948 00000098 T AddDevice
001179e0 00000020 T GetDeviceOpTab
00117a00 00000008 T _isatty_r
00117a08 00000014 T _kill_r
00117a1c 00000094 T _lseek_r
00117ab0 00000094 T _read_r
00117b44 00000078 W _sbrk_r
00117bbc 0000001c T __libc_lock_acquire
00117bd8 0000001c T __libc_lock_release
00117bf4 0000001c T __libc_lock_acquire_recursive
00117c10 0000001c T __libc_lock_release_recursive
00117c2c 00000094 T _write_r
00117cc0 00000048 T strrchr
00117d08 T _fini
00119024 r .LC2
001192b8 00000080 r dotab_stdout
00119338 00000018 r grayScale
00119350 00000006 r colorCube
00119358 00000030 r colorTable
001193a4 00000008 r morton_y.2
001193ac 00000008 r morton_x.3
001193b4 00000008 r s_sleepWakeEvents.4
001193bc 0000000c r serviceNameTable.5
001193c8 R default_font_bin
00119bc8 R default_font_bin_end
00119bc8 00000030 r error_table
00119bf8 00000080 r archive_devoptab
00119c78 00000101 R _ctype_
00119ea0 00000010 r zeroes.0
00119eb0 00000010 r blanks.1
00119ec8 0000006c R __action_table
00119f34 0000006c R __state_table
00119fa0 00000100 R __chclass
0011a0a0 0000000c r p05.0
0011a0b0 00000028 R __mprec_bigtens
0011a0d8 000000c8 R __mprec_tens
0011a28c 00000010 r zeroes.0
0011a29c 00000010 r blanks.1
0011a2ac 00000080 R dotab_stdnull
0011a32c R __tdata_align
0011a330 r __EH_FRAME_BEGIN__
0011a330 R __exidx_end
0011a330 R __exidx_start
0011b000 0000001c D colors
0011b01c 00000004 d prevColor.1
0011b020 00000004 d prevMode.0
0011b024 000000cc D bashCommands
0011b0f0 000000c8 D pythonCommands
0011b1b8 000000c8 D cCommands
0011b280 00000001 d firstConsoleInit.0
0011b284 00000004 D currentConsole
0011b288 00000048 D defaultConsole
0011b2d0 00000004 d aptChainloadDeliverArgSize
0011b2d4 00000004 d kCount
0011b2d8 00000004 d kInterval
0011b2dc 00000004 d kDelay
0011b2e0 W __stacksize__
0011b2e4 0000000c D __sglue
0011b2f0 00000004 D __malloc_sbrk_base
0011b2f4 00000004 D __malloc_trim_threshold
0011b2f8 00000408 D __malloc_av_
0011b700 00000004 D _impure_ptr
0011b708 00000140 D _impure_data
0011b848 0000016c D __global_locale
0011b9b4 00000400 d _current_working_directory
0011bdb8 00001000 d handles
0011cdb8 0000000c d __stderr_handle
0011cdc4 0000000c d __stdout_handle
0011cdd0 0000000c d __stdin_handle
0011cddc 0000008c D devoptab_list
0011ce68 00000004 d defaultDevice
0011ce74 d _GLOBAL_OFFSET_TABLE_
0011ce80 d __frame_dummy_init_array_entry
0011ce80 D __init_array_start
0011ce80 B __preinit_array_end
0011ce80 B __preinit_array_start
0011ce80 D __tdata_lma
0011ce80 D __tdata_lma_end
0011ce84 d __do_global_dtors_aux_fini_array_entry
0011ce84 D __fini_array_start
0011ce84 D __init_array_end
0011ce88 D __bss_start__
0011ce88 D __fini_array_end
0011ce88 00000004 B color
0011ce8c 00000004 B commandMode
0011ce90 00000001 B autoRun
0011ce91 b completed.1
0011ce94 b object.0
0011ceac 00000064 b escapeSeq
0011cf10 00000048 B currentCopy
0011cf58 00000004 b screenAlloc
0011cf5c 00000004 b screenFree
0011cf60 00000002 b gfxIsDoubleBuf
0011cf64 00000002 b gfxCurBuf
0011cf66 00000001 b gfxIsVram
0011cf67 00000001 b gfxTopMode
0011cf68 00000002 b gfxFramebufferFormats
0011cf6c 00000004 b gfxBottomFramebufferMaxSize
0011cf70 00000004 b gfxTopFramebufferMaxSize
0011cf78 00000008 b gfxBottomFramebuffers
0011cf80 00000008 b gfxTopFramebuffers
0011cf88 00000001 b flagValue.0
0011cf89 00000001 b flagInit.1
0011cf8c 00000004 b serviceName.6
0011cf90 00000001 b aptChainloadFlags
0011cf91 00000001 b aptChainloadMediatype
0011cf94 00000020 b aptChainloadHmac
0011cfb4 00000300 b aptChainloadDeliverArg
0011d2b8 00000008 b aptChainloadTid
0011d2c0 00001000 b aptParameters
0011e2c0 00000004 b aptFlags
0011e2c4 00000001 b aptHomeButtonState
0011e2c8 00000004 b aptMessageFuncData
0011e2cc 00000004 b aptMessageFunc
0011e2d0 0000000c b aptFirstHook
0011e2dc 00000001 b aptEventHandlerThreadQuit
0011e2e0 00000004 b aptEventHandlerThread
0011e2e4 00000008 b aptSleepEvent
0011e2ec 00000008 b aptReceiveEvent
0011e2f4 00000008 b aptEvents
0011e2fc 00000004 b aptLockHandle
0011e300 00000004 b aptRefCount
0011e304 00000007 b gspEventCbOneShot
0011e30c 0000001c b gspEventCbData
0011e328 0000001c b gspEventCb
0011e344 00000038 b gspEvents
0011e37c 00000004 b gspLastEvent
0011e380 00000001 b gspRunEvents
0011e384 00000004 b gspEventThread
0011e388 00000004 b gspEvent
0011e38c 00000001 b gspGpuRight
0011e38d 00000001 b gspThreadId
0011e390 00000004 b gspSharedMem
0011e394 00000004 b gspSharedMemHandle
0011e398 00000004 b gspRefCount
0011e39c 00000004 b gspGpuHandle
0011e3a0 00000001 b usingIrrst
0011e3a4 00000004 b hidRefCount
0011e3a8 00000006 b gRate
0011e3b0 00000006 b aVec
0011e3b8 00000004 b cPos
0011e3bc 00000004 b tPos
0011e3c0 00000004 b kRepeat
0011e3c4 00000004 b kUp
0011e3c8 00000004 b kDown
0011e3cc 00000004 b kHeld
0011e3d0 00000004 b kOld
0011e3d4 00000004 B hidSharedMem
0011e3d8 00000014 B hidEvents
0011e3ec 00000004 B hidMemHandle
0011e3f0 00000004 B hidHandle
0011e3f4 00000004 b irrstRefCount
0011e3f8 00000004 b csPos
0011e3fc 00000004 b kHeld
0011e400 00000004 B irrstSharedMem
0011e404 00000004 B irrstEvent
0011e408 00000004 B irrstMemHandle
0011e40c 00000004 B irrstHandle
0011e410 00000004 B __system_retAddr
0011e414 00000004 B __system_argv
0011e418 00000004 B __system_argc
0011e41c b saved_stack
0011e428 00000008 b sLinearPool
0011e430 0000000c b sAddrMap
0011e440 00000008 b sVramPoolB
0011e448 00000008 b sVramPoolA
0011e450 0000000c b sAddrMap
0011e45c 00000004 B __3dslink_host
0011e460 00000001 V __ctru_speedup
0011e464 00000004 b srvRefCount
0011e468 00000004 b srvHandle
0011e46c 00000004 b arbiter
0011e470 00000004 b currentAddr
0011e474 00000004 b maxAddr
0011e478 00000004 b minAddr
0011e47c 00000004 b ptmSysmRefCount
0011e480 00000004 b ptmSysmHandle
0011e484 00000004 b srvPmHandle
0011e488 00000004 V __ctru_linear_heap_size
0011e48c 00000004 V __ctru_heap_size
0011e490 00000004 B __ctru_linear_heap
0011e494 00000004 B __ctru_heap
0011e498 000005c0 b archive_devices
0011ea58 00000004 b archive_device_cwd
0011ea5c 00000001 b archive_initialized
0011ea60 00000080 b fsExemptArchives
0011eae0 00000004 b fsuRefCount
0011eae4 00000004 b fsuHandle
0011eae8 0000000c b __sfp_recursive_mutex
0011eaf8 00000168 B __sf
0011ec60 00000004 B __stdio_exit_handler
0011ec64 00000028 B __malloc_current_mallinfo
0011ec8c 00000004 B __malloc_max_total_mem
0011ec90 00000004 B __malloc_max_sbrked_mem
0011ec94 00000004 B __malloc_top_pad
0011ec98 0000000c b __malloc_recursive_mutex
0011eca4 00000400 b temp_cwd
0011f0a4 00000004 b __hndl_lock
0011f0a8 00000004 B fake_heap_start
0011f0ac 00000004 B fake_heap_end
0011f0b0 00000004 b heap_start.0
0011f0b4 B __tls_start
0011fcbc B __bss_end__
0011fcbc A __end__
0011fcbc B __tls_end
