         w __deregister_frame_info
         w __register_frame_info
         w userAppExit
         w userAppInit
00000000 b _TLS_MODULE_BASE_
00000000 00000802 B __ctru_dev_utf16_buf
00000000 A __sync_synchronize
00000000 a shift
00000000 a shift
00000804 00000401 B __ctru_dev_path_buf
00100000 A __start__
00100000 T _start
00100008 T __service_ptr
0010000c T __apt_appid
00100010 T __heap_size
00100014 T __linear_heap_size
00100018 T __system_arglist
0010001c T __system_runflags
00100020 t startup
00100058 t ClearMem
0010006c t ClrLoop
00100094 T _init
001000ac T __aeabi_idiv
001000ac 00000220 T __divsi3
001000b4 t .divsi3_skip_div0_test
001002cc 00000020 T __aeabi_idivmod
001002ec 00000004 W __aeabi_idiv0
001002ec 00000004 W __aeabi_ldiv0
00100308 00000390 T strcmp
00100690 t .udivsi3_skip_div0_test
00100690 T __aeabi_uidiv
00100690 000001ec T __udivsi3
0010087c 00000020 T __aeabi_uidivmod
0010089c t __do_global_dtors_aux
001008ec t frame_dummy
00100918 00000098 T main
001009b0 000001c8 T consoleDrawChar
00100b78 00000170 T consolePrintChar
00100ce8 00000c40 T con_write
00101928 00000110 t newRow
00101a38 00000180 T consoleInit
00101bb8 000000cc t gfxPresentFramebuffer
00101c84 0000001c T gfxIsWide
00101ca0 000000f8 T gfxSetScreenFormat
00101d98 00000010 T gfxSetDoubleBuffering
00101da8 000000d8 T gfxInit
00101e80 00000010 T gfxInitDefault
00101e90 000000b8 T gfxExit
00101f48 000000a0 T gfxGetFramebuffer
00101fe8 00000100 T gfxFlushBuffers
001020e8 00000050 T gfxSwapBuffers
00102138 00000050 T gfxSwapBuffersGpu
00102188 00000180 t aptConvertScreenForCapture
00102308 00000008 W aptDspSleep
00102310 00000004 W aptDspWakeup
00102314 00000004 W aptDspCancel
00102318 00000138 T aptSendCommand
00102450 00000044 t aptExitProcess
00102494 00000394 T aptExit
00102828 000000d8 T aptHandleSleep
00102900 00000084 T APT_SleepIfShellClosed
00102984 00000078 T aptSetSleepAllowed
001029fc 00000084 T APT_UnlockTransition
00102a80 00000470 t aptEventHandler
00102ef0 000000bc T APT_ReceiveParameter
00102fac 000000b0 t aptReceiveParameter.constprop.0
00103060 00000294 t aptScreenTransfer
001032f4 000002d0 t aptWaitForWakeUp.isra.0
001035c4 000000f4 T aptJumpToHomeMenu
001036b8 00000058 T aptMainLoop
00103710 00000240 T aptInit
00103950 00000090 T APT_CheckNew3DS
001039e0 00000c70 t gspHardwareInit
00104650 00000280 T gspInit
001048d0 00000110 T gspExit
001049e0 00000010 T gspHasGpuRight
001049f0 000000a4 T gspPresentBuffer
00104a94 00000050 T gspWaitForEvent
00104ae4 00000004 W gxCmdQueueInterrupt
00104ae8 00000154 t gspEventThreadMain
00104c3c 00000050 T GSPGPU_FlushDataCache
00104c8c 00000034 T GSPGPU_SetLcdForceBlack
00104cc0 00000080 T GSPGPU_AcquireRight
00104d40 0000005c T GSPGPU_ReleaseRight
00104d9c 0000007c T GSPGPU_ImportDisplayCaptureInfo
00104e18 0000002c T GSPGPU_SaveVramSysArea
00104e44 0000002c T GSPGPU_RestoreVramSysArea
00104e70 00000024 W hidShouldUseIrrst
00104e94 000001cc T hidInit
00105060 000000e8 T hidExit
00105148 000002a0 T hidScanInput
001053e8 00000010 T hidKeysDown
001053f8 000001a4 T irrstInit
0010559c 000000dc T irrstExit
00105678 000000b4 T irrstScanInput
0010572c 00000024 T irrstKeysHeld
00105750 00000038 W __libctru_init
00105788 0000016c W __system_initArgv
001058f4 00000030 T __syscall_getreent
00105924 00000004 T __syscall_lock_acquire
00105928 00000004 T __syscall_lock_release
0010592c 00000004 T __syscall_lock_acquire_recursive
00105930 00000004 T __syscall_lock_release_recursive
00105934 00000004 T __syscall_exit
00105938 00000054 T initThreadVars
0010598c 00000080 T __system_initSyscalls
00105a0c T svcControlMemory
00105a2c T svcQueryMemory
00105a5c T svcExitProcess
00105a64 T svcCreateThread
00105a84 T svcExitThread
00105a8c T svcSleepThread
00105a94 T svcReleaseMutex
00105a9c T svcCreateEvent
00105ab0 T svcSignalEvent
00105ab8 T svcClearEvent
00105ac0 T svcMapMemoryBlock
00105ac8 T svcUnmapMemoryBlock
00105ad0 T svcCreateAddressArbiter
00105ae4 T svcArbitrateAddressNoTimeout
00105aec T svcCloseHandle
00105af4 T svcWaitSynchronization
00105afc T svcWaitSynchronizationN
00105b24 T svcDuplicateHandle
00105b38 T svcConnectToPort
00105b4c T svcSendSyncRequest
00105b54 T svcGetResourceLimit
00105b68 T svcGetResourceLimitLimitValues
00105b70 T svcGetResourceLimitCurrentValues
00105b78 T svcBreak
00105b80 W initSystem
00105bd0 W __ctru_exit
00105be4 00000024 t addrMapNodeComparator(rbtree_node const*, rbtree_node const*)
00105c08 00000004 t addrMapNodeDestructor(rbtree_node*)
00105c0c 0000012c T linearMemAlign
00105d38 00000008 T linearAlloc
00105d40 0000005c T linearFree
00105d9c 00000088 T MemPool::CoalesceRight(MemBlock*)
00105e24 00000178 T MemPool::Allocate(MemChunk&, unsigned long, int)
00105f9c 00000118 T MemPool::Deallocate(MemChunk const&)
001060b4 00000030 T MemPool::GetFreeSpace()
001060e4 00000024 t addrMapNodeComparator(rbtree_node const*, rbtree_node const*)
00106108 00000004 t addrMapNodeDestructor(rbtree_node*)
0010610c 00000248 T vramMemAlignAt
00106354 0000000c T vramAlloc
00106360 00000094 T vramFree
001063f4 0000008c W envGetHandle
00106480 00000050 W envDestroyHandles
001064d0 00000034 T __ctru_speedup_config
00106504 00000164 T srvInit
00106668 00000064 T srvExit
001066cc 00000060 T srvEnableNotification
0010672c 000000a0 T srvGetServiceHandleDirect
001067cc 00000048 T srvGetServiceHandle
00106814 00000034 T srvSubscribe
00106848 00000060 T srvReceiveNotification
001068a8 00000038 T srvPublishToSubscriber
001068e0 0000000c T __sync_init
001068ec 00000018 T __sync_fini
00106904 00000028 T syncArbitrateAddress
0010692c 000000ac T LightLock_Lock
001069d8 00000040 T LightLock_Unlock
00106a18 00000054 T RecursiveLock_Lock
00106a6c 00000054 T RecursiveLock_Unlock
00106ac0 00000044 T LightEvent_Init
00106b04 000000b8 T LightEvent_Clear
00106bbc 000000dc T LightEvent_Signal
00106c98 00000050 T LightEvent_TryWait
00106ce8 000000ac T LightEvent_Wait
00106d94 000001fc T threadCreate
00106f90 00000038 T threadFree
00106fc8 00000024 T threadJoin
00106fec 00000030 T threadGetCurrent
0010701c 00000040 T threadExit
0010705c 00000020 t _thread_begin
0010707c 00000090 t mappableFindAddressWithin
0010710c 00000028 T mappableInit
00107134 0000007c T mappableAlloc
001071b0 00000004 T mappableFree
001071b4 00000078 T ptmSysmInit
0010722c 0000003c T ptmSysmExit
00107268 00000034 T PTMSYSM_ConfigureNew3DSCPU
0010729c 0000000c T srvPmGetSessionHandle
001072a8 00000074 T rbtree_find
0010731c 00000010 T rbtree_init
0010732c 00000198 t do_insert
001074c4 00000008 T rbtree_insert
001074cc 00000310 T rbtree_remove
001077dc 00000090 T rbtree_rotate
00107870 000001e8 W __system_allocateHeaps
00107a58 00000030 W __appExit
00107a88 00000030 W __appInit
00107ab8 00000090 W __libctru_exit
00107b48 00000014 t archive_link
00107b5c 00000014 t archive_dirreset
00107b70 00000014 t archive_chmod
00107b84 00000024 t error_cmp
00107ba8 00000050 t archive_translate_error
00107bf8 000000c0 t archive_seek
00107cb8 00000078 t _archiveInit.part.0
00107d30 000000d4 t archiveFindDevice.part.0
00107e04 00000298 t archive_utf16path
0010809c 00000098 t _archiveUnmountDeviceStruct.part.0
00108134 00000014 t archive_statvfs
00108148 00000014 t archive_fchmod
0010815c 00000178 t _archiveMountDevice
001082d4 000000f8 t archive_diropen
001083cc 000000ac t archive_fstat
00108478 00000074 t archive_fsync
001084ec 00000074 t archive_close
00108560 00000078 t archive_dirclose
001085d8 000000ec t sdmc_statvfs
001086c4 000000f8 t archive_chdir
001087bc 0000008c t archive_ftruncate
00108848 000000bc t archive_read
00108904 000000a8 t archive_unlink
001089ac 000000c0 t archive_rmdir
00108a6c 000000d8 t archive_mkdir
00108b44 000001a0 t archive_stat
00108ce4 00000164 t archive_dirnext
00108e48 0000013c t archive_write
00108f88 00000254 t archive_open
001091dc 00000270 t archive_rename
0010944c 000001c8 T archiveMountSdmc
00109614 00000054 T archiveUnmountAll
00109668 00000104 T fsInit
0010976c 0000003c T fsExit
001097a8 00000068 T fsExemptFromSession
00109810 00000050 T fsUnexemptFromSession
00109860 000000cc T FSUSER_OpenFile
0010992c 000000b8 T FSUSER_DeleteFile
001099e4 000000f4 T FSUSER_RenameFile
00109ad8 000000b8 T FSUSER_DeleteDirectory
00109b90 000000d0 T FSUSER_CreateFile
00109c60 000000c0 T FSUSER_CreateDirectory
00109d20 000000f4 T FSUSER_RenameDirectory
00109e14 000000b4 T FSUSER_OpenDirectory
00109ec8 00000090 T FSUSER_OpenArchive
00109f58 0000008c T FSUSER_CloseArchive
00109fe4 00000074 T FSUSER_GetSdmcArchiveResource
0010a058 00000064 T FSUSER_IsSdmcWritable
0010a0bc 00000064 T FSFILE_Read
0010a120 0000006c T FSFILE_Write
0010a18c 00000044 T FSFILE_GetSize
0010a1d0 00000028 T FSFILE_SetSize
0010a1f8 0000003c T FSFILE_Close
0010a234 00000024 T FSFILE_Flush
0010a258 00000060 T FSDIR_Read
0010a2b8 0000003c T FSDIR_Close
0010a2f4 00000060 T rbtree_node_next
0010a354 00000140 T decode_utf8
0010a494 000000e8 T utf16_to_utf8
0010a57c 000000c0 T utf8_to_utf16
0010a63c T __aeabi_read_tp
0010a648 00000054 T decode_utf16
0010a69c 00000054 T encode_utf16
0010a6f0 000000e0 T encode_utf8
0010a7d0 000000d8 T strncmp
0010a8a8 00000044 T rand
0010a8ec 0000008c T strlen
0010a978 0000001c t stdio_exit_handler
0010a994 0000005c t cleanup_stdio
0010a9f0 00000154 t global_stdio_init.part.0
0010ab44 0000005c T __sinit
0010aba0 0000000c T __sfp_lock_acquire
0010abac 0000000c T __sfp_lock_release
0010abb8 000001ec t _strtoul_l.isra.0
0010ada4 0000003c T strtoul
0010ade0 00000084 T __libc_init_array
0010ae64 0000009c T strncat
0010af00 00000070 T _fwalk_sglue
0010af70 00000078 T bsearch
0010afe8 0000000c T __errno
0010aff4 000000e0 T _puts_r
0010b0d4 00000020 T puts
0010b0f4 00000028 T memalign
0010b11c 0000082c T _malloc_r
0010b948 00000114 T _malloc_trim_r
0010ba5c 00000314 T _free_r
0010bd70 0000003c T strnlen
0010bdac 00000040 T malloc
0010bdec 00000020 T free
0010be0c 0000022c T __sflush_r
0010c038 000000c4 T _fflush_r
0010c0fc 000000e4 T memset
0010c1e0 0000000c T __malloc_lock
0010c1ec 0000000c T __malloc_unlock
0010c1f8 00000004 W __call_exitprocs
0010c1fc 00000030 T exit
0010c22c 00000294 T setvbuf
0010c4c0 000000d4 T strncpy
0010c594 0000012c T memcpy
0010c6c0 000004a4 T __sfvwrite_r
0010cb64 00000044 T __sread
0010cba8 00000068 T __swrite
0010cc10 00000040 T __sseek
0010cc50 00000008 T __sclose
0010cc58 0000016c T memmove
0010cdc4 00000144 T _fclose_r
0010cf08 0000016c T _memalign_r
0010d074 000000e8 T memchr
0010d15c 0000003c T __libc_fini_array
0010d198 00000164 T __smakebuf_r
0010d2fc 00000090 T __swhatbuf_r
0010d38c 000004f0 T _realloc_r
0010d87c 00000140 T __swsetup_r
0010d9bc 00000020 T _exit
0010d9dc 00000140 T chdir
0010db1c 000001c8 T _concatenate_path
0010dce4 0000009c T _fstat_r
0010dd80 0000002c T __getreent
0010ddac 00000058 T __get_handle
0010de04 00000110 T _close_r
0010df14 00000008 t null_write
0010df1c 00000018 T setDefaultDevice
0010df34 000000c4 T FindDevice
0010dff8 00000028 T RemoveDevice
0010e020 00000098 T AddDevice
0010e0b8 00000020 T GetDeviceOpTab
0010e0d8 00000008 T _isatty_r
0010e0e0 00000094 T _lseek_r
0010e174 00000094 T _read_r
0010e208 00000078 W _sbrk_r
0010e280 0000001c T __libc_lock_acquire
0010e29c 0000001c T __libc_lock_release
0010e2b8 0000001c T __libc_lock_acquire_recursive
0010e2d4 0000001c T __libc_lock_release_recursive
0010e2f0 00000094 T _write_r
0010e384 00000140 T strchr
0010e4c4 00000048 T strrchr
0010e50c T _fini
0010f7f0 00000080 r dotab_stdout
0010f870 00000018 r grayScale
0010f888 00000006 r colorCube
0010f890 00000030 r colorTable
0010f8dc 00000008 r morton_y.2
0010f8e4 00000008 r morton_x.3
0010f8ec 00000008 r s_sleepWakeEvents.4
0010f8f4 0000000c r serviceNameTable.5
0010f900 R default_font_bin
00110100 R default_font_bin_end
00110100 00000030 r error_table
00110130 00000080 r archive_devoptab
001101b0 00000101 R _ctype_
001102b4 00000080 R dotab_stdnull
00110334 R __tdata_align
00110338 r __EH_FRAME_BEGIN__
00110338 R __exidx_end
00110338 R __exidx_start
00111000 000000cc D commands
001110cc 00000001 d firstConsoleInit.0
001110d0 00000004 D currentConsole
001110d4 00000048 D defaultConsole
0011111c 00000004 d aptChainloadDeliverArgSize
00111120 00000004 d kCount
00111124 00000004 d kInterval
00111128 00000004 d kDelay
0011112c W __stacksize__
00111130 0000000c D __sglue
0011113c 00000004 D __malloc_sbrk_base
00111140 00000004 D __malloc_trim_threshold
00111148 00000408 D __malloc_av_
00111550 00000004 D _impure_ptr
00111558 00000140 D _impure_data
00111698 00000400 d _current_working_directory
00111a98 00001000 d handles
00112a98 0000000c d __stderr_handle
00112aa4 0000000c d __stdout_handle
00112ab0 0000000c d __stdin_handle
00112abc 0000008c D devoptab_list
00112b48 00000004 d defaultDevice
00112b54 d _GLOBAL_OFFSET_TABLE_
00112b60 d __frame_dummy_init_array_entry
00112b60 D __init_array_start
00112b60 B __preinit_array_end
00112b60 B __preinit_array_start
00112b60 D __tdata_lma
00112b60 D __tdata_lma_end
00112b64 d __do_global_dtors_aux_fini_array_entry
00112b64 D __fini_array_start
00112b64 D __init_array_end
00112b68 D __bss_start__
00112b68 D __fini_array_end
00112b68 b completed.1
00112b6c b object.0
00112b84 00000064 b escapeSeq
00112be8 00000048 B currentCopy
00112c30 00000004 b screenAlloc
00112c34 00000004 b screenFree
00112c38 00000002 b gfxIsDoubleBuf
00112c3c 00000002 b gfxCurBuf
00112c3e 00000001 b gfxIsVram
00112c3f 00000001 b gfxTopMode
00112c40 00000002 b gfxFramebufferFormats
00112c44 00000004 b gfxBottomFramebufferMaxSize
00112c48 00000004 b gfxTopFramebufferMaxSize
00112c50 00000008 b gfxBottomFramebuffers
00112c58 00000008 b gfxTopFramebuffers
00112c60 00000001 b flagValue.0
00112c61 00000001 b flagInit.1
00112c64 00000004 b serviceName.6
00112c68 00000001 b aptChainloadFlags
00112c69 00000001 b aptChainloadMediatype
00112c6c 00000020 b aptChainloadHmac
00112c8c 00000300 b aptChainloadDeliverArg
00112f90 00000008 b aptChainloadTid
00112f98 00001000 b aptParameters
00113f98 00000004 b aptFlags
00113f9c 00000001 b aptHomeButtonState
00113fa0 00000004 b aptMessageFuncData
00113fa4 00000004 b aptMessageFunc
00113fa8 0000000c b aptFirstHook
00113fb4 00000001 b aptEventHandlerThreadQuit
00113fb8 00000004 b aptEventHandlerThread
00113fbc 00000008 b aptSleepEvent
00113fc4 00000008 b aptReceiveEvent
00113fcc 00000008 b aptEvents
00113fd4 00000004 b aptLockHandle
00113fd8 00000004 b aptRefCount
00113fdc 00000007 b gspEventCbOneShot
00113fe4 0000001c b gspEventCbData
00114000 0000001c b gspEventCb
0011401c 00000038 b gspEvents
00114054 00000004 b gspLastEvent
00114058 00000001 b gspRunEvents
0011405c 00000004 b gspEventThread
00114060 00000004 b gspEvent
00114064 00000001 b gspGpuRight
00114065 00000001 b gspThreadId
00114068 00000004 b gspSharedMem
0011406c 00000004 b gspSharedMemHandle
00114070 00000004 b gspRefCount
00114074 00000004 b gspGpuHandle
00114078 00000001 b usingIrrst
0011407c 00000004 b hidRefCount
00114080 00000006 b gRate
00114088 00000006 b aVec
00114090 00000004 b cPos
00114094 00000004 b tPos
00114098 00000004 b kRepeat
0011409c 00000004 b kUp
001140a0 00000004 b kDown
001140a4 00000004 b kHeld
001140a8 00000004 b kOld
001140ac 00000004 B hidSharedMem
001140b0 00000014 B hidEvents
001140c4 00000004 B hidMemHandle
001140c8 00000004 B hidHandle
001140cc 00000004 b irrstRefCount
001140d0 00000004 b csPos
001140d4 00000004 b kHeld
001140d8 00000004 B irrstSharedMem
001140dc 00000004 B irrstEvent
001140e0 00000004 B irrstMemHandle
001140e4 00000004 B irrstHandle
001140e8 00000004 B __system_retAddr
001140ec 00000004 B __system_argv
001140f0 00000004 B __system_argc
001140f4 b saved_stack
00114100 00000008 b sLinearPool
00114108 0000000c b sAddrMap
00114118 00000008 b sVramPoolB
00114120 00000008 b sVramPoolA
00114128 0000000c b sAddrMap
00114134 00000004 B __3dslink_host
00114138 00000001 V __ctru_speedup
0011413c 00000004 b srvRefCount
00114140 00000004 b srvHandle
00114144 00000004 b arbiter
00114148 00000004 b currentAddr
0011414c 00000004 b maxAddr
00114150 00000004 b minAddr
00114154 00000004 b ptmSysmRefCount
00114158 00000004 b ptmSysmHandle
0011415c 00000004 b srvPmHandle
00114160 00000004 V __ctru_linear_heap_size
00114164 00000004 V __ctru_heap_size
00114168 00000004 B __ctru_linear_heap
0011416c 00000004 B __ctru_heap
00114170 000005c0 b archive_devices
00114730 00000004 b archive_device_cwd
00114734 00000001 b archive_initialized
00114738 00000080 b fsExemptArchives
001147b8 00000004 b fsuRefCount
001147bc 00000004 b fsuHandle
001147c0 0000000c b __sfp_recursive_mutex
001147d0 00000168 B __sf
00114938 00000004 B __stdio_exit_handler
0011493c 00000028 B __malloc_current_mallinfo
00114964 00000004 B __malloc_max_total_mem
00114968 00000004 B __malloc_max_sbrked_mem
0011496c 00000004 B __malloc_top_pad
00114970 0000000c b __malloc_recursive_mutex
0011497c 00000400 b temp_cwd
00114d7c 00000004 b __hndl_lock
00114d80 00000004 B fake_heap_start
00114d84 00000004 B fake_heap_end
00114d88 00000004 b heap_start.0
00114d8c B __tls_start
00115994 B __bss_end__
00115994 A __end__
00115994 B __tls_end
